<?xml version="1.0" encoding="UTF-8"?>
<testsuite xmlns:xsi="http://www.w3.org/2001/XMLSchema-instance" xsi:noNamespaceSchemaLocation="https://maven.apache.org/surefire/maven-surefire-plugin/xsd/surefire-test-report.xsd" name="com.group1.coursereview.controller.UserControllerTest" time="0.146" tests="23" errors="0" skipped="0" failures="0">
  <properties>
    <property name="java.specification.version" value="20"/>
    <property name="sun.jnu.encoding" value="UTF-8"/>
    <property name="java.class.path" value="/Users/assylzhanbaktiyar/Desktop/uni/Spring 2023/course-reviewer/target/test-classes:/Users/assylzhanbaktiyar/Desktop/uni/Spring 2023/course-reviewer/target/classes:/Users/assylzhanbaktiyar/.m2/repository/org/springframework/boot/spring-boot-starter-data-mongodb/3.0.5/spring-boot-starter-data-mongodb-3.0.5.jar:/Users/assylzhanbaktiyar/.m2/repository/org/springframework/boot/spring-boot-starter/3.0.5/spring-boot-starter-3.0.5.jar:/Users/assylzhanbaktiyar/.m2/repository/org/springframework/boot/spring-boot-starter-logging/3.0.5/spring-boot-starter-logging-3.0.5.jar:/Users/assylzhanbaktiyar/.m2/repository/ch/qos/logback/logback-classic/1.4.6/logback-classic-1.4.6.jar:/Users/assylzhanbaktiyar/.m2/repository/ch/qos/logback/logback-core/1.4.6/logback-core-1.4.6.jar:/Users/assylzhanbaktiyar/.m2/repository/org/apache/logging/log4j/log4j-to-slf4j/2.19.0/log4j-to-slf4j-2.19.0.jar:/Users/assylzhanbaktiyar/.m2/repository/org/apache/logging/log4j/log4j-api/2.19.0/log4j-api-2.19.0.jar:/Users/assylzhanbaktiyar/.m2/repository/org/slf4j/jul-to-slf4j/2.0.7/jul-to-slf4j-2.0.7.jar:/Users/assylzhanbaktiyar/.m2/repository/jakarta/annotation/jakarta.annotation-api/2.1.1/jakarta.annotation-api-2.1.1.jar:/Users/assylzhanbaktiyar/.m2/repository/org/yaml/snakeyaml/1.33/snakeyaml-1.33.jar:/Users/assylzhanbaktiyar/.m2/repository/org/mongodb/mongodb-driver-sync/4.8.2/mongodb-driver-sync-4.8.2.jar:/Users/assylzhanbaktiyar/.m2/repository/org/mongodb/bson/4.8.2/bson-4.8.2.jar:/Users/assylzhanbaktiyar/.m2/repository/org/mongodb/mongodb-driver-core/4.8.2/mongodb-driver-core-4.8.2.jar:/Users/assylzhanbaktiyar/.m2/repository/org/mongodb/bson-record-codec/4.8.2/bson-record-codec-4.8.2.jar:/Users/assylzhanbaktiyar/.m2/repository/org/springframework/data/spring-data-mongodb/4.0.4/spring-data-mongodb-4.0.4.jar:/Users/assylzhanbaktiyar/.m2/repository/org/springframework/spring-tx/6.0.7/spring-tx-6.0.7.jar:/Users/assylzhanbaktiyar/.m2/repository/org/springframework/spring-context/6.0.7/spring-context-6.0.7.jar:/Users/assylzhanbaktiyar/.m2/repository/org/springframework/spring-beans/6.0.7/spring-beans-6.0.7.jar:/Users/assylzhanbaktiyar/.m2/repository/org/springframework/spring-expression/6.0.7/spring-expression-6.0.7.jar:/Users/assylzhanbaktiyar/.m2/repository/org/springframework/data/spring-data-commons/3.0.4/spring-data-commons-3.0.4.jar:/Users/assylzhanbaktiyar/.m2/repository/org/slf4j/slf4j-api/2.0.7/slf4j-api-2.0.7.jar:/Users/assylzhanbaktiyar/.m2/repository/org/springframework/boot/spring-boot-starter-web/3.0.5/spring-boot-starter-web-3.0.5.jar:/Users/assylzhanbaktiyar/.m2/repository/org/springframework/boot/spring-boot-starter-json/3.0.5/spring-boot-starter-json-3.0.5.jar:/Users/assylzhanbaktiyar/.m2/repository/com/fasterxml/jackson/core/jackson-databind/2.14.2/jackson-databind-2.14.2.jar:/Users/assylzhanbaktiyar/.m2/repository/com/fasterxml/jackson/core/jackson-annotations/2.14.2/jackson-annotations-2.14.2.jar:/Users/assylzhanbaktiyar/.m2/repository/com/fasterxml/jackson/core/jackson-core/2.14.2/jackson-core-2.14.2.jar:/Users/assylzhanbaktiyar/.m2/repository/com/fasterxml/jackson/datatype/jackson-datatype-jdk8/2.14.2/jackson-datatype-jdk8-2.14.2.jar:/Users/assylzhanbaktiyar/.m2/repository/com/fasterxml/jackson/datatype/jackson-datatype-jsr310/2.14.2/jackson-datatype-jsr310-2.14.2.jar:/Users/assylzhanbaktiyar/.m2/repository/com/fasterxml/jackson/module/jackson-module-parameter-names/2.14.2/jackson-module-parameter-names-2.14.2.jar:/Users/assylzhanbaktiyar/.m2/repository/org/springframework/boot/spring-boot-starter-tomcat/3.0.5/spring-boot-starter-tomcat-3.0.5.jar:/Users/assylzhanbaktiyar/.m2/repository/org/apache/tomcat/embed/tomcat-embed-core/10.1.7/tomcat-embed-core-10.1.7.jar:/Users/assylzhanbaktiyar/.m2/repository/org/apache/tomcat/embed/tomcat-embed-el/10.1.7/tomcat-embed-el-10.1.7.jar:/Users/assylzhanbaktiyar/.m2/repository/org/apache/tomcat/embed/tomcat-embed-websocket/10.1.7/tomcat-embed-websocket-10.1.7.jar:/Users/assylzhanbaktiyar/.m2/repository/org/springframework/spring-web/6.0.7/spring-web-6.0.7.jar:/Users/assylzhanbaktiyar/.m2/repository/io/micrometer/micrometer-observation/1.10.5/micrometer-observation-1.10.5.jar:/Users/assylzhanbaktiyar/.m2/repository/io/micrometer/micrometer-commons/1.10.5/micrometer-commons-1.10.5.jar:/Users/assylzhanbaktiyar/.m2/repository/org/springframework/spring-webmvc/6.0.7/spring-webmvc-6.0.7.jar:/Users/assylzhanbaktiyar/.m2/repository/org/springframework/spring-aop/6.0.7/spring-aop-6.0.7.jar:/Users/assylzhanbaktiyar/.m2/repository/org/springframework/boot/spring-boot-devtools/3.0.5/spring-boot-devtools-3.0.5.jar:/Users/assylzhanbaktiyar/.m2/repository/org/springframework/boot/spring-boot/3.0.5/spring-boot-3.0.5.jar:/Users/assylzhanbaktiyar/.m2/repository/org/springframework/boot/spring-boot-autoconfigure/3.0.5/spring-boot-autoconfigure-3.0.5.jar:/Users/assylzhanbaktiyar/.m2/repository/javax/validation/validation-api/2.0.0.Final/validation-api-2.0.0.Final.jar:/Users/assylzhanbaktiyar/.m2/repository/javax/servlet/servlet-api/2.5/servlet-api-2.5.jar:/Users/assylzhanbaktiyar/.m2/repository/org/springframework/boot/spring-boot-starter-test/3.0.5/spring-boot-starter-test-3.0.5.jar:/Users/assylzhanbaktiyar/.m2/repository/org/springframework/boot/spring-boot-test/3.0.5/spring-boot-test-3.0.5.jar:/Users/assylzhanbaktiyar/.m2/repository/org/springframework/boot/spring-boot-test-autoconfigure/3.0.5/spring-boot-test-autoconfigure-3.0.5.jar:/Users/assylzhanbaktiyar/.m2/repository/com/jayway/jsonpath/json-path/2.7.0/json-path-2.7.0.jar:/Users/assylzhanbaktiyar/.m2/repository/net/minidev/json-smart/2.4.10/json-smart-2.4.10.jar:/Users/assylzhanbaktiyar/.m2/repository/net/minidev/accessors-smart/2.4.9/accessors-smart-2.4.9.jar:/Users/assylzhanbaktiyar/.m2/repository/org/ow2/asm/asm/9.3/asm-9.3.jar:/Users/assylzhanbaktiyar/.m2/repository/jakarta/xml/bind/jakarta.xml.bind-api/4.0.0/jakarta.xml.bind-api-4.0.0.jar:/Users/assylzhanbaktiyar/.m2/repository/jakarta/activation/jakarta.activation-api/2.1.1/jakarta.activation-api-2.1.1.jar:/Users/assylzhanbaktiyar/.m2/repository/org/assertj/assertj-core/3.23.1/assertj-core-3.23.1.jar:/Users/assylzhanbaktiyar/.m2/repository/net/bytebuddy/byte-buddy/1.12.23/byte-buddy-1.12.23.jar:/Users/assylzhanbaktiyar/.m2/repository/org/hamcrest/hamcrest/2.2/hamcrest-2.2.jar:/Users/assylzhanbaktiyar/.m2/repository/org/mockito/mockito-core/4.8.1/mockito-core-4.8.1.jar:/Users/assylzhanbaktiyar/.m2/repository/net/bytebuddy/byte-buddy-agent/1.12.23/byte-buddy-agent-1.12.23.jar:/Users/assylzhanbaktiyar/.m2/repository/org/objenesis/objenesis/3.2/objenesis-3.2.jar:/Users/assylzhanbaktiyar/.m2/repository/org/mockito/mockito-junit-jupiter/4.8.1/mockito-junit-jupiter-4.8.1.jar:/Users/assylzhanbaktiyar/.m2/repository/org/skyscreamer/jsonassert/1.5.1/jsonassert-1.5.1.jar:/Users/assylzhanbaktiyar/.m2/repository/com/vaadin/external/google/android-json/0.0.20131108.vaadin1/android-json-0.0.20131108.vaadin1.jar:/Users/assylzhanbaktiyar/.m2/repository/org/springframework/spring-core/6.0.7/spring-core-6.0.7.jar:/Users/assylzhanbaktiyar/.m2/repository/org/springframework/spring-jcl/6.0.7/spring-jcl-6.0.7.jar:/Users/assylzhanbaktiyar/.m2/repository/org/springframework/spring-test/6.0.7/spring-test-6.0.7.jar:/Users/assylzhanbaktiyar/.m2/repository/org/xmlunit/xmlunit-core/2.9.1/xmlunit-core-2.9.1.jar:/Users/assylzhanbaktiyar/.m2/repository/org/junit/jupiter/junit-jupiter/5.8.0/junit-jupiter-5.8.0.jar:/Users/assylzhanbaktiyar/.m2/repository/org/junit/jupiter/junit-jupiter-api/5.9.2/junit-jupiter-api-5.9.2.jar:/Users/assylzhanbaktiyar/.m2/repository/org/opentest4j/opentest4j/1.2.0/opentest4j-1.2.0.jar:/Users/assylzhanbaktiyar/.m2/repository/org/junit/platform/junit-platform-commons/1.9.2/junit-platform-commons-1.9.2.jar:/Users/assylzhanbaktiyar/.m2/repository/org/apiguardian/apiguardian-api/1.1.2/apiguardian-api-1.1.2.jar:/Users/assylzhanbaktiyar/.m2/repository/org/junit/jupiter/junit-jupiter-params/5.9.2/junit-jupiter-params-5.9.2.jar:/Users/assylzhanbaktiyar/.m2/repository/org/junit/jupiter/junit-jupiter-engine/5.9.2/junit-jupiter-engine-5.9.2.jar:/Users/assylzhanbaktiyar/.m2/repository/org/junit/platform/junit-platform-engine/1.9.2/junit-platform-engine-1.9.2.jar:/Users/assylzhanbaktiyar/.m2/repository/com/h2database/h2/2.1.214/h2-2.1.214.jar:/Users/assylzhanbaktiyar/.m2/repository/me/paulschwarz/spring-dotenv/2.5.4/spring-dotenv-2.5.4.jar:/Users/assylzhanbaktiyar/.m2/repository/io/github/cdimascio/dotenv-java/2.2.3/dotenv-java-2.2.3.jar:/Users/assylzhanbaktiyar/.m2/repository/org/projectlombok/lombok/1.18.26/lombok-1.18.26.jar:/Users/assylzhanbaktiyar/.m2/repository/org/springframework/boot/spring-boot-starter-data-jpa/3.0.5/spring-boot-starter-data-jpa-3.0.5.jar:/Users/assylzhanbaktiyar/.m2/repository/org/springframework/boot/spring-boot-starter-aop/3.0.5/spring-boot-starter-aop-3.0.5.jar:/Users/assylzhanbaktiyar/.m2/repository/org/aspectj/aspectjweaver/1.9.19/aspectjweaver-1.9.19.jar:/Users/assylzhanbaktiyar/.m2/repository/org/springframework/boot/spring-boot-starter-jdbc/3.0.5/spring-boot-starter-jdbc-3.0.5.jar:/Users/assylzhanbaktiyar/.m2/repository/com/zaxxer/HikariCP/5.0.1/HikariCP-5.0.1.jar:/Users/assylzhanbaktiyar/.m2/repository/org/springframework/spring-jdbc/6.0.7/spring-jdbc-6.0.7.jar:/Users/assylzhanbaktiyar/.m2/repository/org/hibernate/orm/hibernate-core/6.1.7.Final/hibernate-core-6.1.7.Final.jar:/Users/assylzhanbaktiyar/.m2/repository/jakarta/persistence/jakarta.persistence-api/3.1.0/jakarta.persistence-api-3.1.0.jar:/Users/assylzhanbaktiyar/.m2/repository/jakarta/transaction/jakarta.transaction-api/2.0.1/jakarta.transaction-api-2.0.1.jar:/Users/assylzhanbaktiyar/.m2/repository/org/jboss/logging/jboss-logging/3.5.0.Final/jboss-logging-3.5.0.Final.jar:/Users/assylzhanbaktiyar/.m2/repository/org/hibernate/common/hibernate-commons-annotations/6.0.6.Final/hibernate-commons-annotations-6.0.6.Final.jar:/Users/assylzhanbaktiyar/.m2/repository/org/jboss/jandex/2.4.2.Final/jandex-2.4.2.Final.jar:/Users/assylzhanbaktiyar/.m2/repository/com/fasterxml/classmate/1.5.1/classmate-1.5.1.jar:/Users/assylzhanbaktiyar/.m2/repository/org/glassfish/jaxb/jaxb-runtime/4.0.2/jaxb-runtime-4.0.2.jar:/Users/assylzhanbaktiyar/.m2/repository/org/glassfish/jaxb/jaxb-core/4.0.2/jaxb-core-4.0.2.jar:/Users/assylzhanbaktiyar/.m2/repository/org/eclipse/angus/angus-activation/2.0.0/angus-activation-2.0.0.jar:/Users/assylzhanbaktiyar/.m2/repository/org/glassfish/jaxb/txw2/4.0.2/txw2-4.0.2.jar:/Users/assylzhanbaktiyar/.m2/repository/com/sun/istack/istack-commons-runtime/4.1.1/istack-commons-runtime-4.1.1.jar:/Users/assylzhanbaktiyar/.m2/repository/jakarta/inject/jakarta.inject-api/2.0.0/jakarta.inject-api-2.0.0.jar:/Users/assylzhanbaktiyar/.m2/repository/org/antlr/antlr4-runtime/4.10.1/antlr4-runtime-4.10.1.jar:/Users/assylzhanbaktiyar/.m2/repository/org/springframework/data/spring-data-jpa/3.0.4/spring-data-jpa-3.0.4.jar:/Users/assylzhanbaktiyar/.m2/repository/org/springframework/spring-orm/6.0.7/spring-orm-6.0.7.jar:/Users/assylzhanbaktiyar/.m2/repository/org/springframework/spring-aspects/6.0.7/spring-aspects-6.0.7.jar:"/>
    <property name="java.vm.vendor" value="Homebrew"/>
    <property name="sun.arch.data.model" value="64"/>
    <property name="java.vendor.url" value="https://github.com/Homebrew/homebrew-core/issues"/>
    <property name="os.name" value="Mac OS X"/>
    <property name="java.vm.specification.version" value="20"/>
    <property name="sun.java.launcher" value="SUN_STANDARD"/>
    <property name="user.country" value="KZ"/>
    <property name="sun.boot.library.path" value="/opt/homebrew/Cellar/openjdk/20.0.1/libexec/openjdk.jdk/Contents/Home/lib"/>
    <property name="sun.java.command" value="/Users/assylzhanbaktiyar/Desktop/uni/Spring 2023/course-reviewer/target/surefire/surefirebooter14359330061513983566.jar /Users/assylzhanbaktiyar/Desktop/uni/Spring 2023/course-reviewer/target/surefire 2023-06-19T21-15-00_040-jvmRun1 surefire16609829110066694058tmp surefire_07846062051585582918tmp"/>
    <property name="http.nonProxyHosts" value="local|*.local|169.254/16|*.169.254/16"/>
    <property name="jdk.debug" value="release"/>
    <property name="surefire.test.class.path" value="/Users/assylzhanbaktiyar/Desktop/uni/Spring 2023/course-reviewer/target/test-classes:/Users/assylzhanbaktiyar/Desktop/uni/Spring 2023/course-reviewer/target/classes:/Users/assylzhanbaktiyar/.m2/repository/org/springframework/boot/spring-boot-starter-data-mongodb/3.0.5/spring-boot-starter-data-mongodb-3.0.5.jar:/Users/assylzhanbaktiyar/.m2/repository/org/springframework/boot/spring-boot-starter/3.0.5/spring-boot-starter-3.0.5.jar:/Users/assylzhanbaktiyar/.m2/repository/org/springframework/boot/spring-boot-starter-logging/3.0.5/spring-boot-starter-logging-3.0.5.jar:/Users/assylzhanbaktiyar/.m2/repository/ch/qos/logback/logback-classic/1.4.6/logback-classic-1.4.6.jar:/Users/assylzhanbaktiyar/.m2/repository/ch/qos/logback/logback-core/1.4.6/logback-core-1.4.6.jar:/Users/assylzhanbaktiyar/.m2/repository/org/apache/logging/log4j/log4j-to-slf4j/2.19.0/log4j-to-slf4j-2.19.0.jar:/Users/assylzhanbaktiyar/.m2/repository/org/apache/logging/log4j/log4j-api/2.19.0/log4j-api-2.19.0.jar:/Users/assylzhanbaktiyar/.m2/repository/org/slf4j/jul-to-slf4j/2.0.7/jul-to-slf4j-2.0.7.jar:/Users/assylzhanbaktiyar/.m2/repository/jakarta/annotation/jakarta.annotation-api/2.1.1/jakarta.annotation-api-2.1.1.jar:/Users/assylzhanbaktiyar/.m2/repository/org/yaml/snakeyaml/1.33/snakeyaml-1.33.jar:/Users/assylzhanbaktiyar/.m2/repository/org/mongodb/mongodb-driver-sync/4.8.2/mongodb-driver-sync-4.8.2.jar:/Users/assylzhanbaktiyar/.m2/repository/org/mongodb/bson/4.8.2/bson-4.8.2.jar:/Users/assylzhanbaktiyar/.m2/repository/org/mongodb/mongodb-driver-core/4.8.2/mongodb-driver-core-4.8.2.jar:/Users/assylzhanbaktiyar/.m2/repository/org/mongodb/bson-record-codec/4.8.2/bson-record-codec-4.8.2.jar:/Users/assylzhanbaktiyar/.m2/repository/org/springframework/data/spring-data-mongodb/4.0.4/spring-data-mongodb-4.0.4.jar:/Users/assylzhanbaktiyar/.m2/repository/org/springframework/spring-tx/6.0.7/spring-tx-6.0.7.jar:/Users/assylzhanbaktiyar/.m2/repository/org/springframework/spring-context/6.0.7/spring-context-6.0.7.jar:/Users/assylzhanbaktiyar/.m2/repository/org/springframework/spring-beans/6.0.7/spring-beans-6.0.7.jar:/Users/assylzhanbaktiyar/.m2/repository/org/springframework/spring-expression/6.0.7/spring-expression-6.0.7.jar:/Users/assylzhanbaktiyar/.m2/repository/org/springframework/data/spring-data-commons/3.0.4/spring-data-commons-3.0.4.jar:/Users/assylzhanbaktiyar/.m2/repository/org/slf4j/slf4j-api/2.0.7/slf4j-api-2.0.7.jar:/Users/assylzhanbaktiyar/.m2/repository/org/springframework/boot/spring-boot-starter-web/3.0.5/spring-boot-starter-web-3.0.5.jar:/Users/assylzhanbaktiyar/.m2/repository/org/springframework/boot/spring-boot-starter-json/3.0.5/spring-boot-starter-json-3.0.5.jar:/Users/assylzhanbaktiyar/.m2/repository/com/fasterxml/jackson/core/jackson-databind/2.14.2/jackson-databind-2.14.2.jar:/Users/assylzhanbaktiyar/.m2/repository/com/fasterxml/jackson/core/jackson-annotations/2.14.2/jackson-annotations-2.14.2.jar:/Users/assylzhanbaktiyar/.m2/repository/com/fasterxml/jackson/core/jackson-core/2.14.2/jackson-core-2.14.2.jar:/Users/assylzhanbaktiyar/.m2/repository/com/fasterxml/jackson/datatype/jackson-datatype-jdk8/2.14.2/jackson-datatype-jdk8-2.14.2.jar:/Users/assylzhanbaktiyar/.m2/repository/com/fasterxml/jackson/datatype/jackson-datatype-jsr310/2.14.2/jackson-datatype-jsr310-2.14.2.jar:/Users/assylzhanbaktiyar/.m2/repository/com/fasterxml/jackson/module/jackson-module-parameter-names/2.14.2/jackson-module-parameter-names-2.14.2.jar:/Users/assylzhanbaktiyar/.m2/repository/org/springframework/boot/spring-boot-starter-tomcat/3.0.5/spring-boot-starter-tomcat-3.0.5.jar:/Users/assylzhanbaktiyar/.m2/repository/org/apache/tomcat/embed/tomcat-embed-core/10.1.7/tomcat-embed-core-10.1.7.jar:/Users/assylzhanbaktiyar/.m2/repository/org/apache/tomcat/embed/tomcat-embed-el/10.1.7/tomcat-embed-el-10.1.7.jar:/Users/assylzhanbaktiyar/.m2/repository/org/apache/tomcat/embed/tomcat-embed-websocket/10.1.7/tomcat-embed-websocket-10.1.7.jar:/Users/assylzhanbaktiyar/.m2/repository/org/springframework/spring-web/6.0.7/spring-web-6.0.7.jar:/Users/assylzhanbaktiyar/.m2/repository/io/micrometer/micrometer-observation/1.10.5/micrometer-observation-1.10.5.jar:/Users/assylzhanbaktiyar/.m2/repository/io/micrometer/micrometer-commons/1.10.5/micrometer-commons-1.10.5.jar:/Users/assylzhanbaktiyar/.m2/repository/org/springframework/spring-webmvc/6.0.7/spring-webmvc-6.0.7.jar:/Users/assylzhanbaktiyar/.m2/repository/org/springframework/spring-aop/6.0.7/spring-aop-6.0.7.jar:/Users/assylzhanbaktiyar/.m2/repository/org/springframework/boot/spring-boot-devtools/3.0.5/spring-boot-devtools-3.0.5.jar:/Users/assylzhanbaktiyar/.m2/repository/org/springframework/boot/spring-boot/3.0.5/spring-boot-3.0.5.jar:/Users/assylzhanbaktiyar/.m2/repository/org/springframework/boot/spring-boot-autoconfigure/3.0.5/spring-boot-autoconfigure-3.0.5.jar:/Users/assylzhanbaktiyar/.m2/repository/javax/validation/validation-api/2.0.0.Final/validation-api-2.0.0.Final.jar:/Users/assylzhanbaktiyar/.m2/repository/javax/servlet/servlet-api/2.5/servlet-api-2.5.jar:/Users/assylzhanbaktiyar/.m2/repository/org/springframework/boot/spring-boot-starter-test/3.0.5/spring-boot-starter-test-3.0.5.jar:/Users/assylzhanbaktiyar/.m2/repository/org/springframework/boot/spring-boot-test/3.0.5/spring-boot-test-3.0.5.jar:/Users/assylzhanbaktiyar/.m2/repository/org/springframework/boot/spring-boot-test-autoconfigure/3.0.5/spring-boot-test-autoconfigure-3.0.5.jar:/Users/assylzhanbaktiyar/.m2/repository/com/jayway/jsonpath/json-path/2.7.0/json-path-2.7.0.jar:/Users/assylzhanbaktiyar/.m2/repository/net/minidev/json-smart/2.4.10/json-smart-2.4.10.jar:/Users/assylzhanbaktiyar/.m2/repository/net/minidev/accessors-smart/2.4.9/accessors-smart-2.4.9.jar:/Users/assylzhanbaktiyar/.m2/repository/org/ow2/asm/asm/9.3/asm-9.3.jar:/Users/assylzhanbaktiyar/.m2/repository/jakarta/xml/bind/jakarta.xml.bind-api/4.0.0/jakarta.xml.bind-api-4.0.0.jar:/Users/assylzhanbaktiyar/.m2/repository/jakarta/activation/jakarta.activation-api/2.1.1/jakarta.activation-api-2.1.1.jar:/Users/assylzhanbaktiyar/.m2/repository/org/assertj/assertj-core/3.23.1/assertj-core-3.23.1.jar:/Users/assylzhanbaktiyar/.m2/repository/net/bytebuddy/byte-buddy/1.12.23/byte-buddy-1.12.23.jar:/Users/assylzhanbaktiyar/.m2/repository/org/hamcrest/hamcrest/2.2/hamcrest-2.2.jar:/Users/assylzhanbaktiyar/.m2/repository/org/mockito/mockito-core/4.8.1/mockito-core-4.8.1.jar:/Users/assylzhanbaktiyar/.m2/repository/net/bytebuddy/byte-buddy-agent/1.12.23/byte-buddy-agent-1.12.23.jar:/Users/assylzhanbaktiyar/.m2/repository/org/objenesis/objenesis/3.2/objenesis-3.2.jar:/Users/assylzhanbaktiyar/.m2/repository/org/mockito/mockito-junit-jupiter/4.8.1/mockito-junit-jupiter-4.8.1.jar:/Users/assylzhanbaktiyar/.m2/repository/org/skyscreamer/jsonassert/1.5.1/jsonassert-1.5.1.jar:/Users/assylzhanbaktiyar/.m2/repository/com/vaadin/external/google/android-json/0.0.20131108.vaadin1/android-json-0.0.20131108.vaadin1.jar:/Users/assylzhanbaktiyar/.m2/repository/org/springframework/spring-core/6.0.7/spring-core-6.0.7.jar:/Users/assylzhanbaktiyar/.m2/repository/org/springframework/spring-jcl/6.0.7/spring-jcl-6.0.7.jar:/Users/assylzhanbaktiyar/.m2/repository/org/springframework/spring-test/6.0.7/spring-test-6.0.7.jar:/Users/assylzhanbaktiyar/.m2/repository/org/xmlunit/xmlunit-core/2.9.1/xmlunit-core-2.9.1.jar:/Users/assylzhanbaktiyar/.m2/repository/org/junit/jupiter/junit-jupiter/5.8.0/junit-jupiter-5.8.0.jar:/Users/assylzhanbaktiyar/.m2/repository/org/junit/jupiter/junit-jupiter-api/5.9.2/junit-jupiter-api-5.9.2.jar:/Users/assylzhanbaktiyar/.m2/repository/org/opentest4j/opentest4j/1.2.0/opentest4j-1.2.0.jar:/Users/assylzhanbaktiyar/.m2/repository/org/junit/platform/junit-platform-commons/1.9.2/junit-platform-commons-1.9.2.jar:/Users/assylzhanbaktiyar/.m2/repository/org/apiguardian/apiguardian-api/1.1.2/apiguardian-api-1.1.2.jar:/Users/assylzhanbaktiyar/.m2/repository/org/junit/jupiter/junit-jupiter-params/5.9.2/junit-jupiter-params-5.9.2.jar:/Users/assylzhanbaktiyar/.m2/repository/org/junit/jupiter/junit-jupiter-engine/5.9.2/junit-jupiter-engine-5.9.2.jar:/Users/assylzhanbaktiyar/.m2/repository/org/junit/platform/junit-platform-engine/1.9.2/junit-platform-engine-1.9.2.jar:/Users/assylzhanbaktiyar/.m2/repository/com/h2database/h2/2.1.214/h2-2.1.214.jar:/Users/assylzhanbaktiyar/.m2/repository/me/paulschwarz/spring-dotenv/2.5.4/spring-dotenv-2.5.4.jar:/Users/assylzhanbaktiyar/.m2/repository/io/github/cdimascio/dotenv-java/2.2.3/dotenv-java-2.2.3.jar:/Users/assylzhanbaktiyar/.m2/repository/org/projectlombok/lombok/1.18.26/lombok-1.18.26.jar:/Users/assylzhanbaktiyar/.m2/repository/org/springframework/boot/spring-boot-starter-data-jpa/3.0.5/spring-boot-starter-data-jpa-3.0.5.jar:/Users/assylzhanbaktiyar/.m2/repository/org/springframework/boot/spring-boot-starter-aop/3.0.5/spring-boot-starter-aop-3.0.5.jar:/Users/assylzhanbaktiyar/.m2/repository/org/aspectj/aspectjweaver/1.9.19/aspectjweaver-1.9.19.jar:/Users/assylzhanbaktiyar/.m2/repository/org/springframework/boot/spring-boot-starter-jdbc/3.0.5/spring-boot-starter-jdbc-3.0.5.jar:/Users/assylzhanbaktiyar/.m2/repository/com/zaxxer/HikariCP/5.0.1/HikariCP-5.0.1.jar:/Users/assylzhanbaktiyar/.m2/repository/org/springframework/spring-jdbc/6.0.7/spring-jdbc-6.0.7.jar:/Users/assylzhanbaktiyar/.m2/repository/org/hibernate/orm/hibernate-core/6.1.7.Final/hibernate-core-6.1.7.Final.jar:/Users/assylzhanbaktiyar/.m2/repository/jakarta/persistence/jakarta.persistence-api/3.1.0/jakarta.persistence-api-3.1.0.jar:/Users/assylzhanbaktiyar/.m2/repository/jakarta/transaction/jakarta.transaction-api/2.0.1/jakarta.transaction-api-2.0.1.jar:/Users/assylzhanbaktiyar/.m2/repository/org/jboss/logging/jboss-logging/3.5.0.Final/jboss-logging-3.5.0.Final.jar:/Users/assylzhanbaktiyar/.m2/repository/org/hibernate/common/hibernate-commons-annotations/6.0.6.Final/hibernate-commons-annotations-6.0.6.Final.jar:/Users/assylzhanbaktiyar/.m2/repository/org/jboss/jandex/2.4.2.Final/jandex-2.4.2.Final.jar:/Users/assylzhanbaktiyar/.m2/repository/com/fasterxml/classmate/1.5.1/classmate-1.5.1.jar:/Users/assylzhanbaktiyar/.m2/repository/org/glassfish/jaxb/jaxb-runtime/4.0.2/jaxb-runtime-4.0.2.jar:/Users/assylzhanbaktiyar/.m2/repository/org/glassfish/jaxb/jaxb-core/4.0.2/jaxb-core-4.0.2.jar:/Users/assylzhanbaktiyar/.m2/repository/org/eclipse/angus/angus-activation/2.0.0/angus-activation-2.0.0.jar:/Users/assylzhanbaktiyar/.m2/repository/org/glassfish/jaxb/txw2/4.0.2/txw2-4.0.2.jar:/Users/assylzhanbaktiyar/.m2/repository/com/sun/istack/istack-commons-runtime/4.1.1/istack-commons-runtime-4.1.1.jar:/Users/assylzhanbaktiyar/.m2/repository/jakarta/inject/jakarta.inject-api/2.0.0/jakarta.inject-api-2.0.0.jar:/Users/assylzhanbaktiyar/.m2/repository/org/antlr/antlr4-runtime/4.10.1/antlr4-runtime-4.10.1.jar:/Users/assylzhanbaktiyar/.m2/repository/org/springframework/data/spring-data-jpa/3.0.4/spring-data-jpa-3.0.4.jar:/Users/assylzhanbaktiyar/.m2/repository/org/springframework/spring-orm/6.0.7/spring-orm-6.0.7.jar:/Users/assylzhanbaktiyar/.m2/repository/org/springframework/spring-aspects/6.0.7/spring-aspects-6.0.7.jar:"/>
    <property name="sun.cpu.endian" value="little"/>
    <property name="user.home" value="/Users/assylzhanbaktiyar"/>
    <property name="user.language" value="en"/>
    <property name="java.specification.vendor" value="Oracle Corporation"/>
    <property name="java.version.date" value="2023-04-18"/>
    <property name="java.home" value="/opt/homebrew/Cellar/openjdk/20.0.1/libexec/openjdk.jdk/Contents/Home"/>
    <property name="file.separator" value="/"/>
    <property name="basedir" value="/Users/assylzhanbaktiyar/Desktop/uni/Spring 2023/course-reviewer"/>
    <property name="java.vm.compressedOopsMode" value="Zero based"/>
    <property name="line.separator" value="&#10;"/>
    <property name="java.vm.specification.vendor" value="Oracle Corporation"/>
    <property name="java.specification.name" value="Java Platform API Specification"/>
    <property name="apple.awt.application.name" value="ForkedBooter"/>
    <property name="surefire.real.class.path" value="/Users/assylzhanbaktiyar/Desktop/uni/Spring 2023/course-reviewer/target/surefire/surefirebooter14359330061513983566.jar"/>
    <property name="sun.management.compiler" value="HotSpot 64-Bit Tiered Compilers"/>
    <property name="ftp.nonProxyHosts" value="local|*.local|169.254/16|*.169.254/16"/>
    <property name="java.runtime.version" value="20.0.1"/>
    <property name="user.name" value="assylzhanbaktiyar"/>
    <property name="stdout.encoding" value="UTF-8"/>
    <property name="path.separator" value=":"/>
    <property name="os.version" value="13.4"/>
    <property name="java.runtime.name" value="OpenJDK Runtime Environment"/>
    <property name="file.encoding" value="UTF-8"/>
    <property name="java.vm.name" value="OpenJDK 64-Bit Server VM"/>
    <property name="java.vendor.version" value="Homebrew"/>
    <property name="localRepository" value="/Users/assylzhanbaktiyar/.m2/repository"/>
    <property name="java.vendor.url.bug" value="https://github.com/Homebrew/homebrew-core/issues"/>
    <property name="java.io.tmpdir" value="/var/folders/9j/c5k0f2xn4xz28cxwl5z4m7380000gn/T/"/>
    <property name="java.version" value="20.0.1"/>
    <property name="user.dir" value="/Users/assylzhanbaktiyar/Desktop/uni/Spring 2023/course-reviewer"/>
    <property name="os.arch" value="aarch64"/>
    <property name="java.vm.specification.name" value="Java Virtual Machine Specification"/>
    <property name="native.encoding" value="UTF-8"/>
    <property name="java.library.path" value="/Users/assylzhanbaktiyar/Library/Java/Extensions:/Library/Java/Extensions:/Network/Library/Java/Extensions:/System/Library/Java/Extensions:/usr/lib/java:."/>
    <property name="java.vm.info" value="mixed mode, sharing"/>
    <property name="stderr.encoding" value="UTF-8"/>
    <property name="java.vendor" value="Homebrew"/>
    <property name="java.vm.version" value="20.0.1"/>
    <property name="sun.io.unicode.encoding" value="UnicodeBig"/>
    <property name="socksNonProxyHosts" value="local|*.local|169.254/16|*.169.254/16"/>
    <property name="java.class.version" value="64.0"/>
  </properties>
  <testcase name="validatePassword_ShortPassword_ReturnsBadRequest" classname="com.group1.coursereview.controller.UserControllerTest" time="0.005"/>
  <testcase name="login_MissingPassword_ReturnsBadRequest" classname="com.group1.coursereview.controller.UserControllerTest" time="0"/>
  <testcase name="signup_EmailIsNull_ReturnsBadRequest" classname="com.group1.coursereview.controller.UserControllerTest" time="0"/>
  <testcase name="signup_NameIsNull_ReturnsBadRequest" classname="com.group1.coursereview.controller.UserControllerTest" time="0"/>
  <testcase name="login_ExistingUser_ValidCredentials_SuccessfulLogin" classname="com.group1.coursereview.controller.UserControllerTest" time="0.015"/>
  <testcase name="signup_EmailIsEmpty_ReturnsBadRequest" classname="com.group1.coursereview.controller.UserControllerTest" time="0.001"/>
  <testcase name="logout_ValidSession_LogsOutSuccessfully" classname="com.group1.coursereview.controller.UserControllerTest" time="0"/>
  <testcase name="signup_PasswordIsEmpty_ReturnsBadRequest" classname="com.group1.coursereview.controller.UserControllerTest" time="0"/>
  <testcase name="login_UserAlreadyLoggedIn_Conflict" classname="com.group1.coursereview.controller.UserControllerTest" time="0.001"/>
  <testcase name="signup_NameIsEmpty_ReturnsBadRequest" classname="com.group1.coursereview.controller.UserControllerTest" time="0.001"/>
  <testcase name="signup_PasswordIsNull_ReturnsBadRequest" classname="com.group1.coursereview.controller.UserControllerTest" time="0"/>
  <testcase name="signup_MissingPassword_ReturnsBadRequest" classname="com.group1.coursereview.controller.UserControllerTest" time="0"/>
  <testcase name="signup_ValidUserWithStudentId_ReturnsCreated" classname="com.group1.coursereview.controller.UserControllerTest" time="0"/>
  <testcase name="signup_NewUser_SuccessfulSignup" classname="com.group1.coursereview.controller.UserControllerTest" time="0.001"/>
  <testcase name="signup_SaveUserException_ReturnsInternalServerError" classname="com.group1.coursereview.controller.UserControllerTest" time="0.001"/>
  <testcase name="signup_StudentIdAlreadyExists_Conflict" classname="com.group1.coursereview.controller.UserControllerTest" time="0.001"/>
  <testcase name="login_ExistingUser_InvalidCredentials_Conflict" classname="com.group1.coursereview.controller.UserControllerTest" time="0.001"/>
  <testcase name="signup_MissingEmail_ReturnsBadRequest" classname="com.group1.coursereview.controller.UserControllerTest" time="0"/>
  <testcase name="signup_StudentIdAlreadyExists_ReturnsConflict" classname="com.group1.coursereview.controller.UserControllerTest" time="0"/>
  <testcase name="signup_EmailAlreadyExists_Conflict" classname="com.group1.coursereview.controller.UserControllerTest" time="0"/>
  <testcase name="login_ValidUser_ReturnsAccepted" classname="com.group1.coursereview.controller.UserControllerTest" time="0.001"/>
  <testcase name="login_MissingEmail_ReturnsBadRequest" classname="com.group1.coursereview.controller.UserControllerTest" time="0"/>
  <testcase name="login_NonexistentUser_NotFound" classname="com.group1.coursereview.controller.UserControllerTest" time="0"/>
</testsuite>